<?xml version="1.0" encoding="UTF-8"?>
<!-- Generated by org.testng.reporters.JUnitXMLReporter -->
<testsuite ignored="0" hostname="LAPTOP-3LUAGSRO" failures="0" tests="1" name="BCA" time="0.073" errors="0" timestamp="2022-09-11T12:12:59 IST">
  <testcase classname="TestNG.crossbrowser" name="@BeforeSuite openbrowser" time="-1.662878579828E9">
    <failure type="org.testng.TestNGException" message="
Parameter &amp;apos;browsername&amp;apos; is required by BeforeSuite on method openbrowser but has not been marked @Optional or defined
in C:\Users\Dheeraj\git\Automation\Automation\testng.xml">
      <![CDATA[org.testng.TestNGException: 
Parameter 'browsername' is required by BeforeSuite on method openbrowser but has not been marked @Optional or defined
in C:\Users\Dheeraj\git\Automation\Automation\testng.xml
... Removed 16 stack frames]]>
    </failure>
  </testcase> <!-- @BeforeSuite openbrowser -->
  <testcase classname="TestNG.crossbrowser" name="@BeforeTest geturl" time="-1.662878579847E9">
    <skipped/>
  </testcase> <!-- @BeforeTest geturl -->
  <testcase classname="TestNG.crossbrowser" name="@BeforeClass maximize" time="-1.662878579878E9">
    <skipped/>
  </testcase> <!-- @BeforeClass maximize -->
  <testcase classname="TestNG.crossbrowser" name="@BeforeMethod getcookie" time="-1.662878579897E9">
    <skipped/>
  </testcase> <!-- @BeforeMethod getcookie -->
  <testcase classname="TestNG.crossbrowser" name="@AfterMethod getscreenshot" time="-1.662878579906E9">
    <skipped/>
  </testcase> <!-- @AfterMethod getscreenshot -->
  <testcase classname="TestNG.crossbrowser" name="@AfterClass deletecookies" time="-1.662878579909E9">
    <skipped/>
  </testcase> <!-- @AfterClass deletecookies -->
  <testcase classname="TestNG.crossbrowser" name="@AfterTest dbconnectionclose" time="-1.662878579915E9">
    <skipped/>
  </testcase> <!-- @AfterTest dbconnectionclose -->
  <testcase classname="TestNG.crossbrowser" name="BCA" time="0.0">
    <skipped/>
  </testcase> <!-- BCA -->
</testsuite> <!-- BCA -->
