<?xml version="1.0" encoding="UTF-8"?>
<!-- Generated by org.testng.reporters.JUnitXMLReporter -->
<testsuite ignored="0" hostname="LAPTOP-3LUAGSRO" failures="0" tests="1" name="Test" time="0.07" errors="0" timestamp="2022-09-11T12:01:57 IST">
  <testcase classname="TestNG.crossbrowsery" name="@BeforeSuite openbrowser" time="-1.662877917679E9">
    <failure type="org.testng.TestNGException" message="
Parameter &amp;apos;browser&amp;apos; is required by BeforeSuite on method openbrowser but has not been marked @Optional or defined
in C:\Users\Dheeraj\git\Automation\Automation\testng.xml">
      <![CDATA[org.testng.TestNGException: 
Parameter 'browser' is required by BeforeSuite on method openbrowser but has not been marked @Optional or defined
in C:\Users\Dheeraj\git\Automation\Automation\testng.xml
... Removed 16 stack frames]]>
    </failure>
  </testcase> <!-- @BeforeSuite openbrowser -->
  <testcase classname="TestNG.crossbrowsery" name="@BeforeTest geturl" time="-1.662877917694E9">
    <skipped/>
  </testcase> <!-- @BeforeTest geturl -->
  <testcase classname="TestNG.crossbrowsery" name="@BeforeClass maximizeurl" time="-1.662877917732E9">
    <skipped/>
  </testcase> <!-- @BeforeClass maximizeurl -->
  <testcase classname="TestNG.crossbrowsery" name="@BeforeMethod getcookies" time="-1.662877917748E9">
    <skipped/>
  </testcase> <!-- @BeforeMethod getcookies -->
  <testcase classname="TestNG.crossbrowsery" name="@AfterMethod screenshot" time="-1.662877917755E9">
    <skipped/>
  </testcase> <!-- @AfterMethod screenshot -->
  <testcase classname="TestNG.crossbrowsery" name="@AfterClass deletecookies" time="-1.662877917758E9">
    <skipped/>
  </testcase> <!-- @AfterClass deletecookies -->
  <testcase classname="TestNG.crossbrowsery" name="@AfterTest dbconnectionclose" time="-1.662877917761E9">
    <skipped/>
  </testcase> <!-- @AfterTest dbconnectionclose -->
  <testcase classname="TestNG.crossbrowsery" name="CDE" time="0.0">
    <skipped/>
  </testcase> <!-- CDE -->
</testsuite> <!-- Test -->
